<?xml version="1.0" encoding="UTF-8"?>
<!-- Generated by org.testng.reporters.JUnitReportReporter -->
<testsuite hostname="Sunshine_Vivu" failures="0" tests="4" name="selenium.Testing1" time="0.012" errors="0" timestamp="2023-12-30T12:43:00 EST" skipped="0">
  <testcase classname="selenium.Testing1" name="test1" time="0.002"/>
  <system-out/>
  <testcase classname="selenium.Testing1" name="f" time="0.004"/>
  <system-out/>
  <testcase classname="selenium.Testing1" name="f" time="0.003"/>
  <system-out/>
  <testcase classname="selenium.Testing1" name="test2" time="0.003"/>
  <system-out/>
</testsuite> <!-- selenium.Testing1 -->
